mnemosyne/mnemosyne/android/app/build/outputs/logs/manifest-merger-debug-report.txt
-- Merging decision tree log ---
manifest
ADDED from src\main\AndroidManifest.xml:2:1-43:12
	xmlns:android
		ADDED from src\main\AndroidManifest.xml:2:11-69
	package
		ADDED from src\main\AndroidManifest.xml:3:5-28
		INJECTED from src\main\AndroidManifest.xml
		INJECTED from src\main\AndroidManifest.xml
	android:versionName
		ADDED from src\main\AndroidManifest.xml:5:5-32
	android:versionCode
		ADDED from src\main\AndroidManifest.xml:4:5-28
		INJECTED from src\main\AndroidManifest.xml
		INJECTED from src\main\AndroidManifest.xml
uses-sdk
ADDED from src\main\AndroidManifest.xml:7:5-43
	android:targetSdkVersion
		INJECTED from src\main\AndroidManifest.xml
		INJECTED from src\main\AndroidManifest.xml
	android:minSdkVersion
		ADDED from src\main\AndroidManifest.xml:7:15-40
		INJECTED from src\main\AndroidManifest.xml
		INJECTED from src\main\AndroidManifest.xml
uses-permission#android.permission.WRITE_EXTERNAL_STORAGE
ADDED from src\main\AndroidManifest.xml:8:5-80
	android:name
		ADDED from src\main\AndroidManifest.xml:8:22-78
uses-permission#android.permission.INTERNET
ADDED from src\main\AndroidManifest.xml:9:5-67
	android:name
		ADDED from src\main\AndroidManifest.xml:9:22-64
application
ADDED from src\main\AndroidManifest.xml:11:5-41:19
	android:label
		ADDED from src\main\AndroidManifest.xml:13:9-41
	android:icon
		ADDED from src\main\AndroidManifest.xml:12:9-43
activity#org.mnemosyne.MnemosyneActivity
ADDED from src\main\AndroidManifest.xml:14:9-25:20
	android:label
		ADDED from src\main\AndroidManifest.xml:15:13-45
	android:configChanges
		ADDED from src\main\AndroidManifest.xml:18:13-48
	android:theme
		ADDED from src\main\AndroidManifest.xml:16:13-77
	android:name
		ADDED from src\main\AndroidManifest.xml:17:13-45
intent-filter#android.intent.action.MAIN+android.intent.category.LAUNCHER
ADDED from src\main\AndroidManifest.xml:20:13-24:29
action#android.intent.action.MAIN
ADDED from src\main\AndroidManifest.xml:21:17-69
	android:name
		ADDED from src\main\AndroidManifest.xml:21:25-66
category#android.intent.category.LAUNCHER
ADDED from src\main\AndroidManifest.xml:23:17-77
	android:name
		ADDED from src\main\AndroidManifest.xml:23:27-74
activity#org.mnemosyne.SyncActivity
ADDED from src\main\AndroidManifest.xml:27:9-32:20
	android:label
		ADDED from src\main\AndroidManifest.xml:28:13-33
	android:configChanges
		ADDED from src\main\AndroidManifest.xml:30:13-48
	android:name
		ADDED from src\main\AndroidManifest.xml:29:13-40
activity#org.mnemosyne.ActivateCardsActivity
ADDED from src\main\AndroidManifest.xml:34:9-39:20
	android:label
		ADDED from src\main\AndroidManifest.xml:35:13-47
	android:configChanges
		ADDED from src\main\AndroidManifest.xml:37:13-48
	android:name
		ADDED from src\main\AndroidManifest.xml:36:13-49